mode: set
github.com/viktorstaikov/weather-dashboard-go/services/weather.go:66.64,71.2 3 1
github.com/viktorstaikov/weather-dashboard-go/services/weather.go:74.45,80.2 5 1
github.com/viktorstaikov/weather-dashboard-go/services/weather.go:83.62,86.16 2 1
github.com/viktorstaikov/weather-dashboard-go/services/weather.go:89.2,89.18 1 1
github.com/viktorstaikov/weather-dashboard-go/services/weather.go:86.16,88.3 1 1
github.com/viktorstaikov/weather-dashboard-go/services/weather.go:93.63,96.16 2 1
github.com/viktorstaikov/weather-dashboard-go/services/weather.go:99.2,99.18 1 1
github.com/viktorstaikov/weather-dashboard-go/services/weather.go:96.16,98.3 1 1
github.com/viktorstaikov/weather-dashboard-go/services/weather.go:103.67,106.16 2 1
github.com/viktorstaikov/weather-dashboard-go/services/weather.go:109.2,109.18 1 1
github.com/viktorstaikov/weather-dashboard-go/services/weather.go:106.16,108.3 1 1
github.com/viktorstaikov/weather-dashboard-go/services/weather.go:113.67,116.16 2 1
github.com/viktorstaikov/weather-dashboard-go/services/weather.go:119.2,119.18 1 1
github.com/viktorstaikov/weather-dashboard-go/services/weather.go:116.16,118.3 1 1
github.com/viktorstaikov/weather-dashboard-go/services/weather.go:123.78,126.16 2 1
github.com/viktorstaikov/weather-dashboard-go/services/weather.go:129.2,129.22 1 1
github.com/viktorstaikov/weather-dashboard-go/services/weather.go:126.16,128.3 1 1
github.com/viktorstaikov/weather-dashboard-go/services/openweatherapi/openweatherapi.go:71.43,83.2 8 1
github.com/viktorstaikov/weather-dashboard-go/services/openweatherapi/openweatherapi.go:86.73,89.16 2 0
github.com/viktorstaikov/weather-dashboard-go/services/openweatherapi/openweatherapi.go:93.2,94.28 2 0
github.com/viktorstaikov/weather-dashboard-go/services/openweatherapi/openweatherapi.go:98.2,98.20 1 0
github.com/viktorstaikov/weather-dashboard-go/services/openweatherapi/openweatherapi.go:89.16,91.3 1 0
github.com/viktorstaikov/weather-dashboard-go/services/openweatherapi/openweatherapi.go:94.28,97.3 2 0
github.com/viktorstaikov/weather-dashboard-go/services/openweatherapi/openweatherapi.go:102.74,105.16 2 0
github.com/viktorstaikov/weather-dashboard-go/services/openweatherapi/openweatherapi.go:109.2,110.28 2 0
github.com/viktorstaikov/weather-dashboard-go/services/openweatherapi/openweatherapi.go:116.2,116.20 1 0
github.com/viktorstaikov/weather-dashboard-go/services/openweatherapi/openweatherapi.go:105.16,107.3 1 0
github.com/viktorstaikov/weather-dashboard-go/services/openweatherapi/openweatherapi.go:110.28,115.3 4 0
github.com/viktorstaikov/weather-dashboard-go/services/openweatherapi/openweatherapi.go:120.78,123.16 2 0
github.com/viktorstaikov/weather-dashboard-go/services/openweatherapi/openweatherapi.go:127.2,128.28 2 0
github.com/viktorstaikov/weather-dashboard-go/services/openweatherapi/openweatherapi.go:134.2,134.20 1 0
github.com/viktorstaikov/weather-dashboard-go/services/openweatherapi/openweatherapi.go:123.16,125.3 1 0
github.com/viktorstaikov/weather-dashboard-go/services/openweatherapi/openweatherapi.go:128.28,133.3 4 0
github.com/viktorstaikov/weather-dashboard-go/services/openweatherapi/openweatherapi.go:138.78,141.16 2 0
github.com/viktorstaikov/weather-dashboard-go/services/openweatherapi/openweatherapi.go:145.2,146.28 2 0
github.com/viktorstaikov/weather-dashboard-go/services/openweatherapi/openweatherapi.go:153.2,153.20 1 0
github.com/viktorstaikov/weather-dashboard-go/services/openweatherapi/openweatherapi.go:141.16,143.3 1 0
github.com/viktorstaikov/weather-dashboard-go/services/openweatherapi/openweatherapi.go:146.28,152.3 2 0
github.com/viktorstaikov/weather-dashboard-go/services/openweatherapi/openweatherapi.go:157.89,159.16 2 0
github.com/viktorstaikov/weather-dashboard-go/services/openweatherapi/openweatherapi.go:163.2,164.18 2 0
github.com/viktorstaikov/weather-dashboard-go/services/openweatherapi/openweatherapi.go:168.2,169.28 2 0
github.com/viktorstaikov/weather-dashboard-go/services/openweatherapi/openweatherapi.go:173.2,174.30 2 0
github.com/viktorstaikov/weather-dashboard-go/services/openweatherapi/openweatherapi.go:178.2,195.17 4 0
github.com/viktorstaikov/weather-dashboard-go/services/openweatherapi/openweatherapi.go:159.16,161.3 1 0
github.com/viktorstaikov/weather-dashboard-go/services/openweatherapi/openweatherapi.go:164.18,166.3 1 0
github.com/viktorstaikov/weather-dashboard-go/services/openweatherapi/openweatherapi.go:169.28,171.3 1 0
github.com/viktorstaikov/weather-dashboard-go/services/openweatherapi/openweatherapi.go:174.30,176.3 1 0
github.com/viktorstaikov/weather-dashboard-go/services/openweatherapi/openweatherapi.go:198.83,201.16 3 1
github.com/viktorstaikov/weather-dashboard-go/services/openweatherapi/openweatherapi.go:204.2,212.18 6 1
github.com/viktorstaikov/weather-dashboard-go/services/openweatherapi/openweatherapi.go:201.16,203.3 1 0
github.com/viktorstaikov/weather-dashboard-go/services/openweatherapi/openweatherapi.go:215.82,219.16 3 1
github.com/viktorstaikov/weather-dashboard-go/services/openweatherapi/openweatherapi.go:222.2,230.18 6 1
github.com/viktorstaikov/weather-dashboard-go/services/openweatherapi/openweatherapi.go:219.16,221.3 1 0
github.com/viktorstaikov/weather-dashboard-go/services/openweatherapi/openweatherapi.go:233.73,235.30 2 1
github.com/viktorstaikov/weather-dashboard-go/services/openweatherapi/openweatherapi.go:263.2,263.13 1 1
github.com/viktorstaikov/weather-dashboard-go/services/openweatherapi/openweatherapi.go:235.30,247.27 11 1
github.com/viktorstaikov/weather-dashboard-go/services/openweatherapi/openweatherapi.go:251.3,252.28 2 1
github.com/viktorstaikov/weather-dashboard-go/services/openweatherapi/openweatherapi.go:256.3,257.28 2 1
github.com/viktorstaikov/weather-dashboard-go/services/openweatherapi/openweatherapi.go:261.3,261.32 1 1
github.com/viktorstaikov/weather-dashboard-go/services/openweatherapi/openweatherapi.go:247.27,249.4 1 1
github.com/viktorstaikov/weather-dashboard-go/services/openweatherapi/openweatherapi.go:252.28,254.4 1 1
github.com/viktorstaikov/weather-dashboard-go/services/openweatherapi/openweatherapi.go:257.28,259.4 1 1
github.com/viktorstaikov/weather-dashboard-go/services/openweatherapi/openweatherapi.go:266.62,268.29 2 1
github.com/viktorstaikov/weather-dashboard-go/services/openweatherapi/openweatherapi.go:275.2,275.13 1 1
github.com/viktorstaikov/weather-dashboard-go/services/openweatherapi/openweatherapi.go:268.29,274.3 4 1
github.com/viktorstaikov/weather-dashboard-go/services/openweatherapi/openweatherapi.go:278.74,299.27 3 1
github.com/viktorstaikov/weather-dashboard-go/services/openweatherapi/openweatherapi.go:313.2,330.16 2 1
github.com/viktorstaikov/weather-dashboard-go/services/openweatherapi/openweatherapi.go:299.27,311.3 11 1
github.com/viktorstaikov/weather-dashboard-go/services/openweatherapi/openweatherapi.go:333.91,335.27 2 1
github.com/viktorstaikov/weather-dashboard-go/services/openweatherapi/openweatherapi.go:341.2,341.15 1 1
github.com/viktorstaikov/weather-dashboard-go/services/openweatherapi/openweatherapi.go:335.27,337.25 2 1
github.com/viktorstaikov/weather-dashboard-go/services/openweatherapi/openweatherapi.go:337.25,339.4 1 1
github.com/viktorstaikov/weather-dashboard-go/services/openweatherapi/openweatherapi.go:344.45,348.2 3 1
