mode: set
github.com/viktorstaikov/weather-dashboard-go/services/weather.go:63.64,68.2 3 1
github.com/viktorstaikov/weather-dashboard-go/services/weather.go:71.45,77.2 5 1
github.com/viktorstaikov/weather-dashboard-go/services/weather.go:80.62,84.16 2 1
github.com/viktorstaikov/weather-dashboard-go/services/weather.go:88.2,89.28 2 1
github.com/viktorstaikov/weather-dashboard-go/services/weather.go:93.2,93.20 1 1
github.com/viktorstaikov/weather-dashboard-go/services/weather.go:84.16,86.3 1 0
github.com/viktorstaikov/weather-dashboard-go/services/weather.go:89.28,92.3 2 1
github.com/viktorstaikov/weather-dashboard-go/services/weather.go:97.63,100.16 2 0
github.com/viktorstaikov/weather-dashboard-go/services/weather.go:104.2,105.28 2 0
github.com/viktorstaikov/weather-dashboard-go/services/weather.go:111.2,111.20 1 0
github.com/viktorstaikov/weather-dashboard-go/services/weather.go:100.16,102.3 1 0
github.com/viktorstaikov/weather-dashboard-go/services/weather.go:105.28,110.3 4 0
github.com/viktorstaikov/weather-dashboard-go/services/weather.go:115.67,118.16 2 0
github.com/viktorstaikov/weather-dashboard-go/services/weather.go:122.2,123.28 2 0
github.com/viktorstaikov/weather-dashboard-go/services/weather.go:129.2,129.20 1 0
github.com/viktorstaikov/weather-dashboard-go/services/weather.go:118.16,120.3 1 0
github.com/viktorstaikov/weather-dashboard-go/services/weather.go:123.28,128.3 4 0
github.com/viktorstaikov/weather-dashboard-go/services/weather.go:133.67,136.16 2 0
github.com/viktorstaikov/weather-dashboard-go/services/weather.go:140.2,141.28 2 0
github.com/viktorstaikov/weather-dashboard-go/services/weather.go:147.2,147.20 1 0
github.com/viktorstaikov/weather-dashboard-go/services/weather.go:136.16,138.3 1 0
github.com/viktorstaikov/weather-dashboard-go/services/weather.go:141.28,146.3 4 0
github.com/viktorstaikov/weather-dashboard-go/services/weather.go:151.77,153.2 1 0
